<?xml version="1.0" encoding="UTF-8"?>
<!-- Generated by org.testng.reporters.JUnitReportReporter -->
<testsuite skipped="0" hostname="LAPTOP-3O39E0OU" name="com.github.frostyaxe.cucumber.runners.ExpediaCucumberTestRunner" tests="2" failures="0" timestamp="2020-04-16T14:54:33 IST" time="49.855" errors="0">
  <testcase name="runScenario" time="19.734" classname="com.github.frostyaxe.cucumber.runners.ExpediaCucumberTestRunner"/>
  <system-out/>
  <testcase name="runScenario" time="30.121" classname="com.github.frostyaxe.cucumber.runners.ExpediaCucumberTestRunner"/>
  <system-out/>
</testsuite> <!-- com.github.frostyaxe.cucumber.runners.ExpediaCucumberTestRunner -->
